<?xml version="1.0" encoding="UTF-8"?>
<testng-results ignored="0" total="3" passed="3" failed="0" skipped="0">
  <reporter-output>
    <line>
      <![CDATA[Tc1 started]]>
    </line>
    <line>
      <![CDATA[Tc2 started]]>
    </line>
    <line>
      <![CDATA[Tc3 started]]>
    </line>
  </reporter-output>
  <suite started-at="2023-11-21T00:24:40 IST" name="Surefire suite" finished-at="2023-11-21T00:24:40 IST" duration-ms="30">
    <groups>
    </groups>
    <test started-at="2023-11-21T00:24:40 IST" name="Surefire test" finished-at="2023-11-21T00:24:40 IST" duration-ms="30">
      <class name="TestCases.Tc1Test">
        <test-method signature="tc1()[pri:0, instance:TestCases.Tc1Test@1ebd319f]" started-at="2023-11-21T00:24:40 IST" name="tc1" finished-at="2023-11-21T00:24:40 IST" duration-ms="4" status="PASS">
          <reporter-output>
            <line>
              <![CDATA[Tc1 started]]>
            </line>
          </reporter-output>
        </test-method> <!-- tc1 -->
      </class> <!-- TestCases.Tc1Test -->
      <class name="TestCases.Tc3Test">
        <test-method signature="tc3()[pri:0, instance:TestCases.Tc3Test@fd07cbb]" started-at="2023-11-21T00:24:40 IST" name="tc3" finished-at="2023-11-21T00:24:40 IST" duration-ms="0" status="PASS">
          <reporter-output>
            <line>
              <![CDATA[Tc3 started]]>
            </line>
          </reporter-output>
        </test-method> <!-- tc3 -->
      </class> <!-- TestCases.Tc3Test -->
      <class name="TestCases.Tc2Test">
        <test-method signature="tc2()[pri:0, instance:TestCases.Tc2Test@2b4bac49]" started-at="2023-11-21T00:24:40 IST" name="tc2" finished-at="2023-11-21T00:24:40 IST" duration-ms="0" status="PASS">
          <reporter-output>
            <line>
              <![CDATA[Tc2 started]]>
            </line>
          </reporter-output>
        </test-method> <!-- tc2 -->
      </class> <!-- TestCases.Tc2Test -->
    </test> <!-- Surefire test -->
  </suite> <!-- Surefire suite -->
</testng-results>
