<?xml version="1.0" encoding="UTF-8"?>
<testsuite xmlns:xsi="http://www.w3.org/2001/XMLSchema-instance" xsi:noNamespaceSchemaLocation="https://maven.apache.org/surefire/maven-surefire-plugin/xsd/surefire-test-report-3.0.xsd" version="3.0" name="TestSuite" time="0.426" tests="3" errors="0" skipped="0" failures="0">
  <properties>
[...]
</properties>
  <testcase name="tc1" classname="TestCases.Tc1Test" time="0.007">
    <system-out><![CDATA[Tc1 started
]]></system-out>
  </testcase>
  <testcase name="tc2" classname="TestCases.Tc2Test" time="0.001">
    <system-out><![CDATA[Tc2 started
]]></system-out>
  </testcase>
  <testcase name="tc3" classname="TestCases.Tc3Test" time="0.003">
    <system-out><![CDATA[Tc3 started
]]></system-out>
  </testcase>
</testsuite>